<?xml version="1.0" encoding="UTF-8"?>
<robot generator="Robot 5.0.1 (Python 3.10.5 on darwin)" generated="20220711 14:48:47.168" rpa="false" schemaversion="3">
<suite id="s1" name="Chrome" source="/Users/eduardo/dev/rocketseat/ignite/01-REACTJS_FUNDAMENTALS/todo-list/tests/Chrome">
<suite id="s1-s1" name="Adding Task" source="/Users/eduardo/dev/rocketseat/ignite/01-REACTJS_FUNDAMENTALS/todo-list/tests/Chrome/adding_task.robot">
<test id="s1-s1-t1" name="Adding Task" line="11">
<kw name="Open Browser To Todo List Page">
<kw name="Open Browser" library="SeleniumLibrary">
<arg>${URL}</arg>
<arg>${BROWSER}</arg>
<doc>Opens a new browser instance to the optional ``url``.</doc>
<msg timestamp="20220711 14:48:47.290" level="INFO">Opening browser 'Chrome' to base url 'http://localhost:3000/'.</msg>
<status status="PASS" starttime="20220711 14:48:47.290" endtime="20220711 14:48:48.761"/>
</kw>
<kw name="Maximize Browser Window" library="SeleniumLibrary">
<doc>Maximizes current browser window.</doc>
<status status="PASS" starttime="20220711 14:48:48.761" endtime="20220711 14:48:48.875"/>
</kw>
<kw name="Title Should Be" library="SeleniumLibrary">
<arg>Todo List</arg>
<doc>Verifies that the current page title equals ``title``.</doc>
<msg timestamp="20220711 14:48:48.877" level="INFO">Page title is 'Todo List'.</msg>
<status status="PASS" starttime="20220711 14:48:48.875" endtime="20220711 14:48:48.877"/>
</kw>
<kw name="Sleep" library="BuiltIn">
<arg>0.5s</arg>
<doc>Pauses the test executed for the given time.</doc>
<msg timestamp="20220711 14:48:49.378" level="INFO">Slept 500 milliseconds</msg>
<status status="PASS" starttime="20220711 14:48:48.877" endtime="20220711 14:48:49.378"/>
</kw>
<status status="PASS" starttime="20220711 14:48:47.290" endtime="20220711 14:48:49.379"/>
</kw>
<kw name="Click in Input Text">
<kw name="Input Text" library="SeleniumLibrary">
<arg>id:${TODO_INPUT}</arg>
<arg>Reunião as 15:00</arg>
<doc>Types the given ``text`` into the text field identified by ``locator``.</doc>
<msg timestamp="20220711 14:48:49.380" level="INFO">Typing text 'Reunião as 15:00' into text field 'id:task-input'.</msg>
<status status="PASS" starttime="20220711 14:48:49.379" endtime="20220711 14:48:49.510"/>
</kw>
<kw name="Sleep" library="BuiltIn">
<arg>0.5s</arg>
<doc>Pauses the test executed for the given time.</doc>
<msg timestamp="20220711 14:48:50.013" level="INFO">Slept 500 milliseconds</msg>
<status status="PASS" starttime="20220711 14:48:49.510" endtime="20220711 14:48:50.013"/>
</kw>
<status status="PASS" starttime="20220711 14:48:49.379" endtime="20220711 14:48:50.013"/>
</kw>
<kw name="Click in Add Button">
<kw name="Click Button" library="SeleniumLibrary">
<arg>id:${ADD_TASK}</arg>
<doc>Clicks the button identified by ``locator``.</doc>
<msg timestamp="20220711 14:48:50.014" level="INFO">Clicking button 'id:add-task'.</msg>
<status status="PASS" starttime="20220711 14:48:50.014" endtime="20220711 14:48:50.057"/>
</kw>
<kw name="Sleep" library="BuiltIn">
<arg>1s</arg>
<doc>Pauses the test executed for the given time.</doc>
<msg timestamp="20220711 14:48:51.058" level="INFO">Slept 1 second</msg>
<status status="PASS" starttime="20220711 14:48:50.057" endtime="20220711 14:48:51.058"/>
</kw>
<status status="PASS" starttime="20220711 14:48:50.013" endtime="20220711 14:48:51.058"/>
</kw>
<kw name="Close Browser" library="SeleniumLibrary">
<doc>Closes the current browser.</doc>
<status status="PASS" starttime="20220711 14:48:51.058" endtime="20220711 14:48:51.126"/>
</kw>
<status status="PASS" starttime="20220711 14:48:47.289" endtime="20220711 14:48:51.127"/>
</test>
<status status="PASS" starttime="20220711 14:48:47.183" endtime="20220711 14:48:51.127"/>
</suite>
<status status="PASS" starttime="20220711 14:48:47.169" endtime="20220711 14:48:51.128"/>
</suite>
<statistics>
<total>
<stat pass="1" fail="0" skip="0">All Tests</stat>
</total>
<tag>
</tag>
<suite>
<stat pass="1" fail="0" skip="0" id="s1" name="Chrome">Chrome</stat>
<stat pass="1" fail="0" skip="0" id="s1-s1" name="Adding Task">Chrome.Adding Task</stat>
</suite>
</statistics>
<errors>
</errors>
</robot>
